<?xml version="1.0" encoding="UTF-8"?>
<!-- Generated by org.testng.reporters.JUnitReportReporter -->
<testsuite name="myntraTestCases.TC01_MyntraSearchProduct" tests="1" time="53.885" ignored="0" failures="0" timestamp="29 Apr 2018 19:03:17 GMT" skipped="0" hostname="ishwaryaram" errors="0">
  <testcase name="searchInMyntra" time="53.885" classname="myntraTestCases.TC01_MyntraSearchProduct"/>
</testsuite> <!-- myntraTestCases.TC01_MyntraSearchProduct -->
