<?xml version="1.0" encoding="UTF-8"?>
<!-- Generated by org.testng.reporters.JUnitReportReporter -->
<testsuite name="testcases.TC007_DeleteLeads" tests="1" time="48.839" ignored="18" failures="0" timestamp="26 Apr 2018 09:26:47 GMT" skipped="0" hostname="ishwaryaram" errors="0">
  <testcase name="deleteLeads" time="48.839" classname="testcases.TC007_DeleteLeads"/>
  <testcase name="afterTest" classname="wdMethods.ProjectMethods">
    <skipped/>
  </testcase> <!-- afterTest -->
  <testcase name="afterTest" classname="wdMethods.ProjectMethods">
    <skipped/>
  </testcase> <!-- afterTest -->
  <testcase name="afterTest" classname="wdMethods.ProjectMethods">
    <skipped/>
  </testcase> <!-- afterTest -->
  <testcase name="afterTest" classname="wdMethods.ProjectMethods">
    <skipped/>
  </testcase> <!-- afterTest -->
  <testcase name="afterTest" classname="wdMethods.ProjectMethods">
    <skipped/>
  </testcase> <!-- afterTest -->
  <testcase name="afterTest" classname="wdMethods.ProjectMethods">
    <skipped/>
  </testcase> <!-- afterTest -->
  <testcase name="beforeSuite" classname="wdMethods.ProjectMethods">
    <skipped/>
  </testcase> <!-- beforeSuite -->
  <testcase name="beforeSuite" classname="wdMethods.ProjectMethods">
    <skipped/>
  </testcase> <!-- beforeSuite -->
  <testcase name="beforeSuite" classname="wdMethods.ProjectMethods">
    <skipped/>
  </testcase> <!-- beforeSuite -->
  <testcase name="beforeSuite" classname="wdMethods.ProjectMethods">
    <skipped/>
  </testcase> <!-- beforeSuite -->
  <testcase name="beforeSuite" classname="wdMethods.ProjectMethods">
    <skipped/>
  </testcase> <!-- beforeSuite -->
  <testcase name="beforeSuite" classname="wdMethods.ProjectMethods">
    <skipped/>
  </testcase> <!-- beforeSuite -->
  <testcase name="afterSuite" classname="wdMethods.ProjectMethods">
    <skipped/>
  </testcase> <!-- afterSuite -->
  <testcase name="afterSuite" classname="wdMethods.ProjectMethods">
    <skipped/>
  </testcase> <!-- afterSuite -->
  <testcase name="afterSuite" classname="wdMethods.ProjectMethods">
    <skipped/>
  </testcase> <!-- afterSuite -->
  <testcase name="afterSuite" classname="wdMethods.ProjectMethods">
    <skipped/>
  </testcase> <!-- afterSuite -->
  <testcase name="afterSuite" classname="wdMethods.ProjectMethods">
    <skipped/>
  </testcase> <!-- afterSuite -->
  <testcase name="afterSuite" classname="wdMethods.ProjectMethods">
    <skipped/>
  </testcase> <!-- afterSuite -->
</testsuite> <!-- testcases.TC007_DeleteLeads -->
